<?xml version="1.0" encoding="UTF-8"?>
<!-- Generated by org.testng.reporters.JUnitReportReporter -->
<testsuite hostname="DESKTOP-4QG5HHP" failures="0" tests="2" name="tests.LoginTest" time="90.664" errors="0" timestamp="2023-05-13T12:42:58 IST" skipped="0">
  <testcase classname="tests.LoginTest" name="loginTest" time="9.324"/>
  <system-out/>
  <testcase classname="tests.LoginTest" name="logoutTest" time="81.340"/>
  <system-out/>
</testsuite> <!-- tests.LoginTest -->
